<?xml version="1.0" encoding="UTF-8"?>
<!-- Generated by org.testng.reporters.JUnitXMLReporter -->
<testsuite ignored="2" hostname="DESKTOP-HTOPON3" failures="0" tests="7" name="chrometestrunner" time="653.884" errors="0" timestamp="2024-12-16T14:39:43 IST">
  <testcase classname="Module_generic_Org_test.createOragnizationtc_01Test" name="createOragnizationtc_01Test" time="249.361"/>
  <testcase classname="Module_generic_Org_test.createOragnizationtc_01Test" name="createOragnizationtc_02withIndustriesTest" time="24.909"/>
  <testcase classname="Module_generic_Org_test.createOragnizationtc_01Test" name="createorganizationtc_03WithPhoneNumberTest" time="18.24"/>
  <testcase classname="Module_generic_Org_test.createOragnizationtc_01Test" name="deleteOrgTest" time="35.745"/>
  <testcase classname="Modulegeneric_Contact_test.createContact_tc_01Test" name="createContact_tc_01Test" time="38.264"/>
  <testcase classname="Modulegeneric_Contact_test.createContact_tc_01Test" name="createContact_tc_02withSupportDateTest" time="18.441"/>
  <testcase classname="Modulegeneric_Contact_test.createContact_tc_01Test" name="createContact_tc_03_withOrgTest" time="56.92"/>
  <testcase classname="testngPractice_base_utility.BaseconfigClass" name="@AfterSuite as" time="0.0">
    <ignored/>
  </testcase> <!-- @AfterSuite as -->
  <testcase classname="testngPractice_base_utility.BaseconfigClass" name="@BeforeSuite bs" time="0.0">
    <ignored/>
  </testcase> <!-- @BeforeSuite bs -->
</testsuite> <!-- chrometestrunner -->
