<?xml version="1.0" encoding="UTF-8"?>
<!-- Generated by org.testng.reporters.JUnitXMLReporter -->
<testsuite ignored="2" hostname="DESKTOP-HTOPON3" failures="0" tests="7" name="edgetestrunner" time="655.334" errors="0" timestamp="2024-12-16T14:39:44 IST">
  <testcase classname="Module_generic_Org_test.createOragnizationtc_01Test" name="createOragnizationtc_01Test" time="43.448"/>
  <testcase classname="Module_generic_Org_test.createOragnizationtc_01Test" name="createOragnizationtc_02withIndustriesTest" time="24.451"/>
  <testcase classname="Module_generic_Org_test.createOragnizationtc_01Test" name="createorganizationtc_03WithPhoneNumberTest" time="18.14"/>
  <testcase classname="Module_generic_Org_test.createOragnizationtc_01Test" name="deleteOrgTest" time="38.115"/>
  <testcase classname="Modulegeneric_Contact_test.createContact_tc_01Test" name="createContact_tc_01Test" time="40.742"/>
  <testcase classname="Modulegeneric_Contact_test.createContact_tc_01Test" name="createContact_tc_02withSupportDateTest" time="19.923"/>
  <testcase classname="Modulegeneric_Contact_test.createContact_tc_01Test" name="createContact_tc_03_withOrgTest" time="54.182"/>
  <testcase classname="testngPractice_base_utility.BaseconfigClass" name="@AfterSuite as" time="0.0">
    <ignored/>
  </testcase> <!-- @AfterSuite as -->
  <testcase classname="testngPractice_base_utility.BaseconfigClass" name="@BeforeSuite bs" time="0.0">
    <ignored/>
  </testcase> <!-- @BeforeSuite bs -->
</testsuite> <!-- edgetestrunner -->
