<?xml version="1.0" encoding="UTF-8"?>
<!-- Generated by org.testng.reporters.JUnitXMLReporter -->
<testsuite ignored="0" hostname="DESKTOP-HTOPON3" failures="0" tests="4" name="Test1" time="244.153" errors="0" timestamp="2024-12-16T14:00:07 IST">
  <testcase classname="Module_generic_Org_test.createOragnizationtc_01Test" name="createOragnizationtc_01Test" time="33.845"/>
  <testcase classname="Module_generic_Org_test.createOragnizationtc_01Test" name="createOragnizationtc_02withIndustriesTest" time="22.053"/>
  <testcase classname="Module_generic_Org_test.createOragnizationtc_01Test" name="createorganizationtc_03WithPhoneNumberTest" time="19.831"/>
  <testcase classname="Module_generic_Org_test.createOragnizationtc_01Test" name="deleteOrgTest" time="23.46"/>
</testsuite> <!-- Test1 -->
