<?xml version="1.0" encoding="UTF-8"?>
<!-- Generated by org.testng.reporters.JUnitXMLReporter -->
<testsuite ignored="4" hostname="DESKTOP-HTOPON3" failures="0" tests="5" name="Test" time="223.168" errors="0" timestamp="2024-12-27T17:09:34 IST">
  <testcase classname="Module_generic_Org_test.createOragnizationtc_01Test" name="createOragnizationtc_02withIndustriesTest" time="37.839"/>
  <testcase classname="Module_generic_Org_test.createOragnizationtc_01Test" name="createorganizationtc_03WithPhoneNumberTest" time="13.578"/>
  <testcase classname="Module_generic_Org_test.createOragnizationtc_01Test" name="deleteOrgTest" time="22.84"/>
  <testcase classname="Modulegeneric_Contact_test.createContact_tc_01Test" name="createContact_tc_02withSupportDateTest" time="21.798"/>
  <testcase classname="Modulegeneric_Contact_test.createContact_tc_01Test" name="createContact_tc_03_withOrgTest" time="35.562"/>
  <testcase classname="Modulegeneric_Contact_test.createContact_tc_01Test" name="createContact_tc_01Test" time="0.0">
    <ignored/>
  </testcase> <!-- createContact_tc_01Test -->
  <testcase classname="testngPractice_base_utility.BaseconfigClass" name="@BeforeSuite bs" time="0.0">
    <ignored/>
  </testcase> <!-- @BeforeSuite bs -->
  <testcase classname="Module_generic_Org_test.createOragnizationtc_01Test" name="createOragnizationtc_01Test" time="0.0">
    <ignored/>
  </testcase> <!-- createOragnizationtc_01Test -->
  <testcase classname="testngPractice_base_utility.BaseconfigClass" name="@AfterSuite as" time="0.0">
    <ignored/>
  </testcase> <!-- @AfterSuite as -->
</testsuite> <!-- Test -->
