<?xml version="1.0" encoding="UTF-8"?>
<!-- Generated by org.testng.reporters.JUnitXMLReporter -->
<testsuite ignored="0" hostname="DESKTOP-HTOPON3" failures="0" tests="3" name="Test2" time="223.198" errors="0" timestamp="2024-12-19T15:43:38 IST">
  <testcase classname="Modulegeneric_Contact_test.createContact_tc_01Test" name="createContact_tc_01Test" time="42.08"/>
  <testcase classname="Modulegeneric_Contact_test.createContact_tc_01Test" name="createContact_tc_02withSupportDateTest" time="21.987"/>
  <testcase classname="Modulegeneric_Contact_test.createContact_tc_01Test" name="createContact_tc_03_withOrgTest" time="65.272"/>
</testsuite> <!-- Test2 -->
