<?xml version="1.0" encoding="UTF-8"?>
<!-- Generated by org.testng.reporters.JUnitXMLReporter -->
<testsuite ignored="7" hostname="DESKTOP-HTOPON3" failures="0" tests="2" name="Test" time="67.629" errors="0" timestamp="2024-12-27T16:11:37 IST">
  <testcase classname="Module_generic_Org_test.createOragnizationtc_01Test" name="createOragnizationtc_01Test" time="20.631"/>
  <testcase classname="Modulegeneric_Contact_test.createContact_tc_01Test" name="createContact_tc_01Test" time="14.308"/>
  <testcase classname="testngPractice_base_utility.BaseconfigClass" name="@AfterSuite as" time="0.0">
    <ignored/>
  </testcase> <!-- @AfterSuite as -->
  <testcase classname="testngPractice_base_utility.BaseconfigClass" name="@BeforeSuite bs" time="0.0">
    <ignored/>
  </testcase> <!-- @BeforeSuite bs -->
  <testcase classname="Modulegeneric_Contact_test.createContact_tc_01Test" name="createContact_tc_03_withOrgTest" time="0.0">
    <ignored/>
  </testcase> <!-- createContact_tc_03_withOrgTest -->
  <testcase classname="Module_generic_Org_test.createOragnizationtc_01Test" name="createorganizationtc_03WithPhoneNumberTest" time="0.0">
    <ignored/>
  </testcase> <!-- createorganizationtc_03WithPhoneNumberTest -->
  <testcase classname="Module_generic_Org_test.createOragnizationtc_01Test" name="deleteOrgTest" time="0.0">
    <ignored/>
  </testcase> <!-- deleteOrgTest -->
  <testcase classname="Modulegeneric_Contact_test.createContact_tc_01Test" name="createContact_tc_02withSupportDateTest" time="0.0">
    <ignored/>
  </testcase> <!-- createContact_tc_02withSupportDateTest -->
  <testcase classname="Module_generic_Org_test.createOragnizationtc_01Test" name="createOragnizationtc_02withIndustriesTest" time="0.0">
    <ignored/>
  </testcase> <!-- createOragnizationtc_02withIndustriesTest -->
</testsuite> <!-- Test -->
