<?xml version="1.0" encoding="UTF-8"?>
<testng-results ignored="4" total="9" passed="5" failed="0" skipped="0">
  <reporter-output>
  </reporter-output>
  <suite started-at="2024-12-27T17:05:50 IST" name="Suite" finished-at="2024-12-27T17:09:33 IST" duration-ms="223168">
    <groups>
      <group name="regressionTest">
        <method signature="createContact_tc_01Test.createContact_tc_02withSupportDateTest()[pri:0, instance:Modulegeneric_Contact_test.createContact_tc_01Test@4ec4f3a0]" name="createContact_tc_02withSupportDateTest" class="Modulegeneric_Contact_test.createContact_tc_01Test"/>
        <method signature="createContact_tc_01Test.createContact_tc_03_withOrgTest()[pri:0, instance:Modulegeneric_Contact_test.createContact_tc_01Test@4ec4f3a0]" name="createContact_tc_03_withOrgTest" class="Modulegeneric_Contact_test.createContact_tc_01Test"/>
        <method signature="createOragnizationtc_01Test.createOragnizationtc_02withIndustriesTest()[pri:0, instance:Module_generic_Org_test.createOragnizationtc_01Test@7f3b84b8]" name="createOragnizationtc_02withIndustriesTest" class="Module_generic_Org_test.createOragnizationtc_01Test"/>
        <method signature="createOragnizationtc_01Test.createorganizationtc_03WithPhoneNumberTest()[pri:0, instance:Module_generic_Org_test.createOragnizationtc_01Test@7f3b84b8]" name="createorganizationtc_03WithPhoneNumberTest" class="Module_generic_Org_test.createOragnizationtc_01Test"/>
        <method signature="createOragnizationtc_01Test.deleteOrgTest()[pri:0, instance:Module_generic_Org_test.createOragnizationtc_01Test@7f3b84b8]" name="deleteOrgTest" class="Module_generic_Org_test.createOragnizationtc_01Test"/>
      </group> <!-- regressionTest -->
    </groups>
    <test started-at="2024-12-27T17:05:50 IST" name="Test" finished-at="2024-12-27T17:09:33 IST" duration-ms="223168">
      <class name="Modulegeneric_Contact_test.createContact_tc_01Test">
        <test-method is-config="true" signature="bc()[pri:0, instance:Modulegeneric_Contact_test.createContact_tc_01Test@4ec4f3a0]" started-at="2024-12-27T17:07:52 IST" name="bc" finished-at="2024-12-27T17:08:05 IST" duration-ms="13131" status="PASS">
          <reporter-output>
          </reporter-output>
        </test-method> <!-- bc -->
        <test-method is-config="true" signature="bm()[pri:0, instance:Modulegeneric_Contact_test.createContact_tc_01Test@4ec4f3a0]" started-at="2024-12-27T17:08:05 IST" name="bm" finished-at="2024-12-27T17:08:25 IST" duration-ms="19180" status="PASS">
          <reporter-output>
          </reporter-output>
        </test-method> <!-- bm -->
        <test-method signature="createContact_tc_02withSupportDateTest()[pri:0, instance:Modulegeneric_Contact_test.createContact_tc_01Test@4ec4f3a0]" started-at="2024-12-27T17:08:25 IST" name="createContact_tc_02withSupportDateTest" finished-at="2024-12-27T17:08:46 IST" duration-ms="21798" status="PASS">
          <reporter-output>
          </reporter-output>
        </test-method> <!-- createContact_tc_02withSupportDateTest -->
        <test-method is-config="true" signature="am()[pri:0, instance:Modulegeneric_Contact_test.createContact_tc_01Test@4ec4f3a0]" started-at="2024-12-27T17:08:46 IST" name="am" finished-at="2024-12-27T17:08:48 IST" duration-ms="1586" status="PASS">
          <reporter-output>
          </reporter-output>
        </test-method> <!-- am -->
        <test-method is-config="true" signature="bm()[pri:0, instance:Modulegeneric_Contact_test.createContact_tc_01Test@4ec4f3a0]" started-at="2024-12-27T17:08:48 IST" name="bm" finished-at="2024-12-27T17:08:51 IST" duration-ms="3391" status="PASS">
          <reporter-output>
          </reporter-output>
        </test-method> <!-- bm -->
        <test-method signature="createContact_tc_03_withOrgTest()[pri:0, instance:Modulegeneric_Contact_test.createContact_tc_01Test@4ec4f3a0]" started-at="2024-12-27T17:08:51 IST" name="createContact_tc_03_withOrgTest" finished-at="2024-12-27T17:09:27 IST" duration-ms="35562" status="PASS">
          <reporter-output>
          </reporter-output>
        </test-method> <!-- createContact_tc_03_withOrgTest -->
        <test-method is-config="true" signature="am()[pri:0, instance:Modulegeneric_Contact_test.createContact_tc_01Test@4ec4f3a0]" started-at="2024-12-27T17:09:27 IST" name="am" finished-at="2024-12-27T17:09:29 IST" duration-ms="2056" status="PASS">
          <reporter-output>
          </reporter-output>
        </test-method> <!-- am -->
        <test-method is-config="true" signature="ac()[pri:0, instance:Modulegeneric_Contact_test.createContact_tc_01Test@4ec4f3a0]" started-at="2024-12-27T17:09:29 IST" name="ac" finished-at="2024-12-27T17:09:33 IST" duration-ms="3798" status="PASS">
          <reporter-output>
          </reporter-output>
        </test-method> <!-- ac -->
      </class> <!-- Modulegeneric_Contact_test.createContact_tc_01Test -->
      <class name="Module_generic_Org_test.createOragnizationtc_01Test">
        <test-method is-config="true" signature="bs()[pri:0, instance:Module_generic_Org_test.createOragnizationtc_01Test@7f3b84b8]" started-at="2024-12-27T17:05:50 IST" name="bs" finished-at="2024-12-27T17:05:50 IST" duration-ms="14" status="PASS">
          <reporter-output>
          </reporter-output>
        </test-method> <!-- bs -->
        <test-method is-config="true" signature="bc()[pri:0, instance:Module_generic_Org_test.createOragnizationtc_01Test@7f3b84b8]" started-at="2024-12-27T17:05:50 IST" name="bc" finished-at="2024-12-27T17:05:53 IST" duration-ms="3489" status="PASS">
          <reporter-output>
          </reporter-output>
        </test-method> <!-- bc -->
        <test-method is-config="true" signature="bm()[pri:0, instance:Module_generic_Org_test.createOragnizationtc_01Test@7f3b84b8]" started-at="2024-12-27T17:05:53 IST" name="bm" finished-at="2024-12-27T17:06:09 IST" duration-ms="16299" status="PASS">
          <reporter-output>
          </reporter-output>
        </test-method> <!-- bm -->
        <test-method signature="createOragnizationtc_02withIndustriesTest()[pri:0, instance:Module_generic_Org_test.createOragnizationtc_01Test@7f3b84b8]" started-at="2024-12-27T17:06:09 IST" name="createOragnizationtc_02withIndustriesTest" finished-at="2024-12-27T17:06:47 IST" duration-ms="37839" status="PASS">
          <reporter-output>
          </reporter-output>
        </test-method> <!-- createOragnizationtc_02withIndustriesTest -->
        <test-method is-config="true" signature="am()[pri:0, instance:Module_generic_Org_test.createOragnizationtc_01Test@7f3b84b8]" started-at="2024-12-27T17:06:47 IST" name="am" finished-at="2024-12-27T17:06:49 IST" duration-ms="1655" status="PASS">
          <reporter-output>
          </reporter-output>
        </test-method> <!-- am -->
        <test-method is-config="true" signature="bm()[pri:0, instance:Module_generic_Org_test.createOragnizationtc_01Test@7f3b84b8]" started-at="2024-12-27T17:06:49 IST" name="bm" finished-at="2024-12-27T17:06:52 IST" duration-ms="3282" status="PASS">
          <reporter-output>
          </reporter-output>
        </test-method> <!-- bm -->
        <test-method signature="createorganizationtc_03WithPhoneNumberTest()[pri:0, instance:Module_generic_Org_test.createOragnizationtc_01Test@7f3b84b8]" started-at="2024-12-27T17:06:52 IST" name="createorganizationtc_03WithPhoneNumberTest" finished-at="2024-12-27T17:07:06 IST" duration-ms="13578" status="PASS">
          <reporter-output>
          </reporter-output>
        </test-method> <!-- createorganizationtc_03WithPhoneNumberTest -->
        <test-method is-config="true" signature="am()[pri:0, instance:Module_generic_Org_test.createOragnizationtc_01Test@7f3b84b8]" started-at="2024-12-27T17:07:06 IST" name="am" finished-at="2024-12-27T17:07:08 IST" duration-ms="1922" status="PASS">
          <reporter-output>
          </reporter-output>
        </test-method> <!-- am -->
        <test-method is-config="true" signature="bm()[pri:0, instance:Module_generic_Org_test.createOragnizationtc_01Test@7f3b84b8]" started-at="2024-12-27T17:07:08 IST" name="bm" finished-at="2024-12-27T17:07:11 IST" duration-ms="3640" status="PASS">
          <reporter-output>
          </reporter-output>
        </test-method> <!-- bm -->
        <test-method signature="deleteOrgTest()[pri:0, instance:Module_generic_Org_test.createOragnizationtc_01Test@7f3b84b8]" started-at="2024-12-27T17:07:11 IST" name="deleteOrgTest" finished-at="2024-12-27T17:07:34 IST" duration-ms="22840" status="PASS">
          <reporter-output>
          </reporter-output>
        </test-method> <!-- deleteOrgTest -->
        <test-method is-config="true" signature="am()[pri:0, instance:Module_generic_Org_test.createOragnizationtc_01Test@7f3b84b8]" started-at="2024-12-27T17:07:34 IST" name="am" finished-at="2024-12-27T17:07:42 IST" duration-ms="7468" status="PASS">
          <reporter-output>
          </reporter-output>
        </test-method> <!-- am -->
        <test-method is-config="true" signature="ac()[pri:0, instance:Module_generic_Org_test.createOragnizationtc_01Test@7f3b84b8]" started-at="2024-12-27T17:07:42 IST" name="ac" finished-at="2024-12-27T17:07:52 IST" duration-ms="10573" status="PASS">
          <reporter-output>
          </reporter-output>
        </test-method> <!-- ac -->
        <test-method is-config="true" signature="as()[pri:0, instance:Module_generic_Org_test.createOragnizationtc_01Test@7f3b84b8]" started-at="2024-12-27T17:09:35 IST" name="as" finished-at="2024-12-27T17:09:35 IST" duration-ms="1" status="PASS">
          <reporter-output>
          </reporter-output>
        </test-method> <!-- as -->
      </class> <!-- Module_generic_Org_test.createOragnizationtc_01Test -->
    </test> <!-- Test -->
  </suite> <!-- Suite -->
</testng-results>
