<?xml version="1.0" encoding="UTF-8"?>
<testng-results ignored="0" total="7" passed="7" failed="0" skipped="0">
  <reporter-output>
  </reporter-output>
  <suite started-at="2024-12-19T15:39:53 IST" name="Suite" finished-at="2024-12-19T15:43:45 IST" duration-ms="232246">
    <groups>
      <group name="regressionTest">
        <method signature="createOragnizationtc_01Test.createOragnizationtc_02withIndustriesTest()[pri:0, instance:Module_generic_Org_test.createOragnizationtc_01Test@79e2c065]" name="createOragnizationtc_02withIndustriesTest" class="Module_generic_Org_test.createOragnizationtc_01Test"/>
        <method signature="createOragnizationtc_01Test.createorganizationtc_03WithPhoneNumberTest()[pri:0, instance:Module_generic_Org_test.createOragnizationtc_01Test@79e2c065]" name="createorganizationtc_03WithPhoneNumberTest" class="Module_generic_Org_test.createOragnizationtc_01Test"/>
        <method signature="createOragnizationtc_01Test.deleteOrgTest()[pri:0, instance:Module_generic_Org_test.createOragnizationtc_01Test@79e2c065]" name="deleteOrgTest" class="Module_generic_Org_test.createOragnizationtc_01Test"/>
        <method signature="createContact_tc_01Test.createContact_tc_02withSupportDateTest()[pri:0, instance:Modulegeneric_Contact_test.createContact_tc_01Test@4135c3b]" name="createContact_tc_02withSupportDateTest" class="Modulegeneric_Contact_test.createContact_tc_01Test"/>
        <method signature="createContact_tc_01Test.createContact_tc_03_withOrgTest()[pri:0, instance:Modulegeneric_Contact_test.createContact_tc_01Test@4135c3b]" name="createContact_tc_03_withOrgTest" class="Modulegeneric_Contact_test.createContact_tc_01Test"/>
      </group> <!-- regressionTest -->
      <group name="smokeTest">
        <method signature="createOragnizationtc_01Test.createOragnizationtc_01Test()[pri:0, instance:Module_generic_Org_test.createOragnizationtc_01Test@79e2c065]" name="createOragnizationtc_01Test" class="Module_generic_Org_test.createOragnizationtc_01Test"/>
        <method signature="createContact_tc_01Test.createContact_tc_01Test()[pri:0, instance:Modulegeneric_Contact_test.createContact_tc_01Test@4135c3b]" name="createContact_tc_01Test" class="Modulegeneric_Contact_test.createContact_tc_01Test"/>
      </group> <!-- smokeTest -->
    </groups>
    <test started-at="2024-12-19T15:39:53 IST" name="Test2" finished-at="2024-12-19T15:43:36 IST" duration-ms="223198">
      <class name="Modulegeneric_Contact_test.createContact_tc_01Test">
        <test-method is-config="true" signature="bs()[pri:0, instance:Modulegeneric_Contact_test.createContact_tc_01Test@4135c3b]" started-at="2024-12-19T15:39:53 IST" name="bs" finished-at="2024-12-19T15:39:53 IST" duration-ms="11" status="PASS">
          <reporter-output>
          </reporter-output>
        </test-method> <!-- bs -->
        <test-method is-config="true" signature="bc()[pri:0, instance:Modulegeneric_Contact_test.createContact_tc_01Test@4135c3b]" started-at="2024-12-19T15:39:53 IST" name="bc" finished-at="2024-12-19T15:40:06 IST" duration-ms="13081" status="PASS">
          <reporter-output>
          </reporter-output>
        </test-method> <!-- bc -->
        <test-method is-config="true" signature="bm()[pri:0, instance:Modulegeneric_Contact_test.createContact_tc_01Test@4135c3b]" started-at="2024-12-19T15:40:06 IST" name="bm" finished-at="2024-12-19T15:40:54 IST" duration-ms="48121" status="PASS">
          <reporter-output>
          </reporter-output>
        </test-method> <!-- bm -->
        <test-method signature="createContact_tc_01Test()[pri:0, instance:Modulegeneric_Contact_test.createContact_tc_01Test@4135c3b]" started-at="2024-12-19T15:40:54 IST" name="createContact_tc_01Test" finished-at="2024-12-19T15:41:36 IST" duration-ms="42080" status="PASS">
          <reporter-output>
          </reporter-output>
        </test-method> <!-- createContact_tc_01Test -->
        <test-method is-config="true" signature="am()[pri:0, instance:Modulegeneric_Contact_test.createContact_tc_01Test@4135c3b]" started-at="2024-12-19T15:41:36 IST" name="am" finished-at="2024-12-19T15:41:39 IST" duration-ms="3222" status="PASS">
          <reporter-output>
          </reporter-output>
        </test-method> <!-- am -->
        <test-method is-config="true" signature="bm()[pri:0, instance:Modulegeneric_Contact_test.createContact_tc_01Test@4135c3b]" started-at="2024-12-19T15:41:39 IST" name="bm" finished-at="2024-12-19T15:41:44 IST" duration-ms="4633" status="PASS">
          <reporter-output>
          </reporter-output>
        </test-method> <!-- bm -->
        <test-method signature="createContact_tc_02withSupportDateTest()[pri:0, instance:Modulegeneric_Contact_test.createContact_tc_01Test@4135c3b]" started-at="2024-12-19T15:41:44 IST" name="createContact_tc_02withSupportDateTest" finished-at="2024-12-19T15:42:06 IST" duration-ms="21987" status="PASS">
          <reporter-output>
          </reporter-output>
        </test-method> <!-- createContact_tc_02withSupportDateTest -->
        <test-method is-config="true" signature="am()[pri:0, instance:Modulegeneric_Contact_test.createContact_tc_01Test@4135c3b]" started-at="2024-12-19T15:42:06 IST" name="am" finished-at="2024-12-19T15:42:08 IST" duration-ms="2138" status="PASS">
          <reporter-output>
          </reporter-output>
        </test-method> <!-- am -->
        <test-method is-config="true" signature="bm()[pri:0, instance:Modulegeneric_Contact_test.createContact_tc_01Test@4135c3b]" started-at="2024-12-19T15:42:08 IST" name="bm" finished-at="2024-12-19T15:42:13 IST" duration-ms="5306" status="PASS">
          <reporter-output>
          </reporter-output>
        </test-method> <!-- bm -->
        <test-method signature="createContact_tc_03_withOrgTest()[pri:0, instance:Modulegeneric_Contact_test.createContact_tc_01Test@4135c3b]" started-at="2024-12-19T15:42:13 IST" name="createContact_tc_03_withOrgTest" finished-at="2024-12-19T15:43:19 IST" duration-ms="65272" status="PASS">
          <reporter-output>
          </reporter-output>
        </test-method> <!-- createContact_tc_03_withOrgTest -->
        <test-method is-config="true" signature="am()[pri:0, instance:Modulegeneric_Contact_test.createContact_tc_01Test@4135c3b]" started-at="2024-12-19T15:43:19 IST" name="am" finished-at="2024-12-19T15:43:29 IST" duration-ms="10001" status="PASS">
          <reporter-output>
          </reporter-output>
        </test-method> <!-- am -->
        <test-method is-config="true" signature="ac()[pri:0, instance:Modulegeneric_Contact_test.createContact_tc_01Test@4135c3b]" started-at="2024-12-19T15:43:29 IST" name="ac" finished-at="2024-12-19T15:43:36 IST" duration-ms="7223" status="PASS">
          <reporter-output>
          </reporter-output>
        </test-method> <!-- ac -->
        <test-method is-config="true" signature="as()[pri:0, instance:Modulegeneric_Contact_test.createContact_tc_01Test@4135c3b]" started-at="2024-12-19T15:43:45 IST" name="as" finished-at="2024-12-19T15:43:45 IST" duration-ms="1" status="PASS">
          <reporter-output>
          </reporter-output>
        </test-method> <!-- as -->
      </class> <!-- Modulegeneric_Contact_test.createContact_tc_01Test -->
    </test> <!-- Test2 -->
    <test started-at="2024-12-19T15:39:53 IST" name="Test" finished-at="2024-12-19T15:43:45 IST" duration-ms="232246">
      <class name="Module_generic_Org_test.createOragnizationtc_01Test">
        <test-method is-config="true" signature="bc()[pri:0, instance:Module_generic_Org_test.createOragnizationtc_01Test@79e2c065]" started-at="2024-12-19T15:39:53 IST" name="bc" finished-at="2024-12-19T15:40:06 IST" duration-ms="13085" status="PASS">
          <reporter-output>
          </reporter-output>
        </test-method> <!-- bc -->
        <test-method is-config="true" signature="bm()[pri:0, instance:Module_generic_Org_test.createOragnizationtc_01Test@79e2c065]" started-at="2024-12-19T15:40:06 IST" name="bm" finished-at="2024-12-19T15:40:54 IST" duration-ms="48121" status="PASS">
          <reporter-output>
          </reporter-output>
        </test-method> <!-- bm -->
        <test-method signature="createOragnizationtc_01Test()[pri:0, instance:Module_generic_Org_test.createOragnizationtc_01Test@79e2c065]" started-at="2024-12-19T15:40:54 IST" name="createOragnizationtc_01Test" finished-at="2024-12-19T15:41:36 IST" duration-ms="42064" status="PASS">
          <reporter-output>
          </reporter-output>
        </test-method> <!-- createOragnizationtc_01Test -->
        <test-method is-config="true" signature="am()[pri:0, instance:Module_generic_Org_test.createOragnizationtc_01Test@79e2c065]" started-at="2024-12-19T15:41:36 IST" name="am" finished-at="2024-12-19T15:41:39 IST" duration-ms="3224" status="PASS">
          <reporter-output>
          </reporter-output>
        </test-method> <!-- am -->
        <test-method is-config="true" signature="bm()[pri:0, instance:Module_generic_Org_test.createOragnizationtc_01Test@79e2c065]" started-at="2024-12-19T15:41:39 IST" name="bm" finished-at="2024-12-19T15:41:44 IST" duration-ms="4310" status="PASS">
          <reporter-output>
          </reporter-output>
        </test-method> <!-- bm -->
        <test-method signature="createOragnizationtc_02withIndustriesTest()[pri:0, instance:Module_generic_Org_test.createOragnizationtc_01Test@79e2c065]" started-at="2024-12-19T15:41:44 IST" name="createOragnizationtc_02withIndustriesTest" finished-at="2024-12-19T15:42:06 IST" duration-ms="22727" status="PASS">
          <reporter-output>
          </reporter-output>
        </test-method> <!-- createOragnizationtc_02withIndustriesTest -->
        <test-method is-config="true" signature="am()[pri:0, instance:Module_generic_Org_test.createOragnizationtc_01Test@79e2c065]" started-at="2024-12-19T15:42:06 IST" name="am" finished-at="2024-12-19T15:42:08 IST" duration-ms="1940" status="PASS">
          <reporter-output>
          </reporter-output>
        </test-method> <!-- am -->
        <test-method is-config="true" signature="bm()[pri:0, instance:Module_generic_Org_test.createOragnizationtc_01Test@79e2c065]" started-at="2024-12-19T15:42:08 IST" name="bm" finished-at="2024-12-19T15:42:13 IST" duration-ms="4271" status="PASS">
          <reporter-output>
          </reporter-output>
        </test-method> <!-- bm -->
        <test-method signature="createorganizationtc_03WithPhoneNumberTest()[pri:0, instance:Module_generic_Org_test.createOragnizationtc_01Test@79e2c065]" started-at="2024-12-19T15:42:13 IST" name="createorganizationtc_03WithPhoneNumberTest" finished-at="2024-12-19T15:42:47 IST" duration-ms="34439" status="PASS">
          <reporter-output>
          </reporter-output>
        </test-method> <!-- createorganizationtc_03WithPhoneNumberTest -->
        <test-method is-config="true" signature="am()[pri:0, instance:Module_generic_Org_test.createOragnizationtc_01Test@79e2c065]" started-at="2024-12-19T15:42:47 IST" name="am" finished-at="2024-12-19T15:42:49 IST" duration-ms="2123" status="PASS">
          <reporter-output>
          </reporter-output>
        </test-method> <!-- am -->
        <test-method is-config="true" signature="bm()[pri:0, instance:Module_generic_Org_test.createOragnizationtc_01Test@79e2c065]" started-at="2024-12-19T15:42:49 IST" name="bm" finished-at="2024-12-19T15:42:54 IST" duration-ms="4816" status="PASS">
          <reporter-output>
          </reporter-output>
        </test-method> <!-- bm -->
        <test-method signature="deleteOrgTest()[pri:0, instance:Module_generic_Org_test.createOragnizationtc_01Test@79e2c065]" started-at="2024-12-19T15:42:54 IST" name="deleteOrgTest" finished-at="2024-12-19T15:43:39 IST" duration-ms="44590" status="PASS">
          <reporter-output>
          </reporter-output>
        </test-method> <!-- deleteOrgTest -->
        <test-method is-config="true" signature="am()[pri:0, instance:Module_generic_Org_test.createOragnizationtc_01Test@79e2c065]" started-at="2024-12-19T15:43:39 IST" name="am" finished-at="2024-12-19T15:43:44 IST" duration-ms="5526" status="PASS">
          <reporter-output>
          </reporter-output>
        </test-method> <!-- am -->
        <test-method is-config="true" signature="ac()[pri:0, instance:Module_generic_Org_test.createOragnizationtc_01Test@79e2c065]" started-at="2024-12-19T15:43:44 IST" name="ac" finished-at="2024-12-19T15:43:45 IST" duration-ms="860" status="PASS">
          <reporter-output>
          </reporter-output>
        </test-method> <!-- ac -->
      </class> <!-- Module_generic_Org_test.createOragnizationtc_01Test -->
    </test> <!-- Test -->
  </suite> <!-- Suite -->
</testng-results>
