<?xml version="1.0" encoding="UTF-8"?>
<!-- Generated by org.testng.reporters.JUnitXMLReporter -->
<testsuite ignored="1" hostname="DESKTOP-HTOPON3" failures="0" tests="1" name="Default test(failed)" time="20.314" errors="0" timestamp="2024-12-17T15:16:25 IST">
  <testcase classname="ListnerPract.Listner_Invoice_PractTest" name="createInvoiceTest" time="0.108"/>
  <testcase classname="ListnerPract.Listner_Invoice_PractTest" name="createInvoiceWithContactTest" time="0.0">
    <ignored/>
  </testcase> <!-- createInvoiceWithContactTest -->
</testsuite> <!-- Default test(failed) -->
